c:\users\lcv2242552\documents\github\vgp332\pathfinding\x64\debug\vc142.pdb
c:\users\lcv2242552\documents\github\vgp332\pathfinding\x64\debug\vc142.idb
c:\users\lcv2242552\documents\github\vgp332\pathfinding\x64\debug\winmain.obj
c:\users\lcv2242552\documents\github\vgp332\pathfinding\x64\debug\tilemap.obj
c:\users\lcv2242552\documents\github\vgp332\pathfinding\x64\debug\pathfinding.ilk
c:\users\lcv2242552\documents\github\vgp332\x64\debug\pathfinding.exe
c:\users\lcv2242552\documents\github\vgp332\x64\debug\pathfinding.pdb
c:\users\lcv2242552\documents\github\vgp332\x64\debug\pathfinding.lib
c:\users\lcv2242552\documents\github\vgp332\x64\debug\pathfinding.exp
c:\users\ilavr\desktop\lasalle classes\2024-winter\vgp332\vgp332\pathfinding\x64\debug\pathfinding.ilk
c:\users\ilavr\desktop\lasalle classes\2024-winter\vgp332\vgp332\pathfinding\x64\debug\vc142.idb
c:\users\ilavr\desktop\lasalle classes\2024-winter\vgp332\vgp332\pathfinding\x64\debug\vc142.pdb
c:\users\ilavr\desktop\lasalle classes\2024-winter\vgp332\vgp332\x64\debug\pathfinding.pdb
c:\users\ilavr\desktop\lasalle classes\2024-winter\vgp332\vgp332\pathfinding\x64\debug\pathfinding.tlog\cl.command.1.tlog
c:\users\ilavr\desktop\lasalle classes\2024-winter\vgp332\vgp332\pathfinding\x64\debug\pathfinding.tlog\cl.read.1.tlog
c:\users\ilavr\desktop\lasalle classes\2024-winter\vgp332\vgp332\pathfinding\x64\debug\pathfinding.tlog\cl.write.1.tlog
c:\users\ilavr\desktop\lasalle classes\2024-winter\vgp332\vgp332\pathfinding\x64\debug\pathfinding.tlog\link.command.1.tlog
c:\users\ilavr\desktop\lasalle classes\2024-winter\vgp332\vgp332\pathfinding\x64\debug\pathfinding.tlog\link.read.1.tlog
c:\users\ilavr\desktop\lasalle classes\2024-winter\vgp332\vgp332\pathfinding\x64\debug\pathfinding.tlog\link.write.1.tlog
c:\users\ilavr\desktop\lasalle classes\2024-winter\vgp332\vgp332\pathfinding\x64\debug\pathfinding.tlog\pathfinding.write.1u.tlog
