  GoalArriveAtPosition.cpp
C:\Users\ilavr\Desktop\LaSalle Classes\2024-Winter\VGP332\VGP332\DecisionMaking\GoalArriveAtPosition.cpp(1,10): fatal  error C1083: Cannot open include file: 'GoalHarvestMineral.h': No such file or directory
  GoalMoveToPosition.cpp
C:\Users\ilavr\Desktop\LaSalle Classes\2024-Winter\VGP332\VGP332\AI\Inc\Entity.h(23,40): warning C4244: 'return': conversion from 'const uint64_t' to 'uint32_t', possible loss of data
C:\Users\ilavr\Desktop\LaSalle Classes\2024-Winter\VGP332\VGP332\DecisionMaking\Raven.h(35,6): error C2039: 'SeekBehavior': is not a member of 'AI'
C:\Users\ilavr\Desktop\LaSalle Classes\2024-Winter\VGP332\VGP332\AI\Inc\DeicisionModule.h(7,11): message : see declaration of 'AI'
C:\Users\ilavr\Desktop\LaSalle Classes\2024-Winter\VGP332\VGP332\DecisionMaking\Raven.h(35,18): error C2143: syntax error: missing ';' before '*'
C:\Users\ilavr\Desktop\LaSalle Classes\2024-Winter\VGP332\VGP332\DecisionMaking\Raven.h(35,18): error C4430: missing type specifier - int assumed. Note: C++ does not support default-int
C:\Users\ilavr\Desktop\LaSalle Classes\2024-Winter\VGP332\VGP332\DecisionMaking\Raven.h(35,43): error C2238: unexpected token(s) preceding ';'
C:\Users\ilavr\Desktop\LaSalle Classes\2024-Winter\VGP332\VGP332\DecisionMaking\Raven.h(36,6): error C2039: 'ArriveBehavior': is not a member of 'AI'
C:\Users\ilavr\Desktop\LaSalle Classes\2024-Winter\VGP332\VGP332\AI\Inc\DeicisionModule.h(7,11): message : see declaration of 'AI'
C:\Users\ilavr\Desktop\LaSalle Classes\2024-Winter\VGP332\VGP332\DecisionMaking\Raven.h(36,20): error C2143: syntax error: missing ';' before '*'
C:\Users\ilavr\Desktop\LaSalle Classes\2024-Winter\VGP332\VGP332\DecisionMaking\Raven.h(36,20): error C4430: missing type specifier - int assumed. Note: C++ does not support default-int
C:\Users\ilavr\Desktop\LaSalle Classes\2024-Winter\VGP332\VGP332\DecisionMaking\Raven.h(36,47): error C2238: unexpected token(s) preceding ';'
C:\Users\ilavr\Desktop\LaSalle Classes\2024-Winter\VGP332\VGP332\DecisionMaking\Raven.h(37,6): error C2039: 'WanderBehavior': is not a member of 'AI'
C:\Users\ilavr\Desktop\LaSalle Classes\2024-Winter\VGP332\VGP332\AI\Inc\DeicisionModule.h(7,11): message : see declaration of 'AI'
C:\Users\ilavr\Desktop\LaSalle Classes\2024-Winter\VGP332\VGP332\DecisionMaking\Raven.h(37,20): error C2143: syntax error: missing ';' before '*'
C:\Users\ilavr\Desktop\LaSalle Classes\2024-Winter\VGP332\VGP332\DecisionMaking\Raven.h(37,20): error C4430: missing type specifier - int assumed. Note: C++ does not support default-int
C:\Users\ilavr\Desktop\LaSalle Classes\2024-Winter\VGP332\VGP332\DecisionMaking\Raven.h(37,47): error C2238: unexpected token(s) preceding ';'
C:\Users\ilavr\Desktop\LaSalle Classes\2024-Winter\VGP332\VGP332\DecisionMaking\GoalMoveToPosition.cpp(32,2): error C3861: 'ReactivateIfFailed': identifier not found
  GoalSeekToPosition.cpp
C:\Users\ilavr\Desktop\LaSalle Classes\2024-Winter\VGP332\VGP332\AI\Inc\Entity.h(23,40): warning C4244: 'return': conversion from 'const uint64_t' to 'uint32_t', possible loss of data
C:\Users\ilavr\Desktop\LaSalle Classes\2024-Winter\VGP332\VGP332\DecisionMaking\Raven.h(35,6): error C2039: 'SeekBehavior': is not a member of 'AI'
C:\Users\ilavr\Desktop\LaSalle Classes\2024-Winter\VGP332\VGP332\AI\Inc\DeicisionModule.h(7,11): message : see declaration of 'AI'
C:\Users\ilavr\Desktop\LaSalle Classes\2024-Winter\VGP332\VGP332\DecisionMaking\Raven.h(35,18): error C2143: syntax error: missing ';' before '*'
C:\Users\ilavr\Desktop\LaSalle Classes\2024-Winter\VGP332\VGP332\DecisionMaking\Raven.h(35,18): error C4430: missing type specifier - int assumed. Note: C++ does not support default-int
C:\Users\ilavr\Desktop\LaSalle Classes\2024-Winter\VGP332\VGP332\DecisionMaking\Raven.h(35,43): error C2238: unexpected token(s) preceding ';'
C:\Users\ilavr\Desktop\LaSalle Classes\2024-Winter\VGP332\VGP332\DecisionMaking\Raven.h(36,6): error C2039: 'ArriveBehavior': is not a member of 'AI'
C:\Users\ilavr\Desktop\LaSalle Classes\2024-Winter\VGP332\VGP332\AI\Inc\DeicisionModule.h(7,11): message : see declaration of 'AI'
C:\Users\ilavr\Desktop\LaSalle Classes\2024-Winter\VGP332\VGP332\DecisionMaking\Raven.h(36,20): error C2143: syntax error: missing ';' before '*'
C:\Users\ilavr\Desktop\LaSalle Classes\2024-Winter\VGP332\VGP332\DecisionMaking\Raven.h(36,20): error C4430: missing type specifier - int assumed. Note: C++ does not support default-int
C:\Users\ilavr\Desktop\LaSalle Classes\2024-Winter\VGP332\VGP332\DecisionMaking\Raven.h(36,47): error C2238: unexpected token(s) preceding ';'
C:\Users\ilavr\Desktop\LaSalle Classes\2024-Winter\VGP332\VGP332\DecisionMaking\Raven.h(37,6): error C2039: 'WanderBehavior': is not a member of 'AI'
C:\Users\ilavr\Desktop\LaSalle Classes\2024-Winter\VGP332\VGP332\AI\Inc\DeicisionModule.h(7,11): message : see declaration of 'AI'
C:\Users\ilavr\Desktop\LaSalle Classes\2024-Winter\VGP332\VGP332\DecisionMaking\Raven.h(37,20): error C2143: syntax error: missing ';' before '*'
C:\Users\ilavr\Desktop\LaSalle Classes\2024-Winter\VGP332\VGP332\DecisionMaking\Raven.h(37,20): error C4430: missing type specifier - int assumed. Note: C++ does not support default-int
C:\Users\ilavr\Desktop\LaSalle Classes\2024-Winter\VGP332\VGP332\DecisionMaking\Raven.h(37,47): error C2238: unexpected token(s) preceding ';'
  GoalWander.cpp
C:\Users\ilavr\Desktop\LaSalle Classes\2024-Winter\VGP332\VGP332\AI\Inc\Entity.h(23,40): warning C4244: 'return': conversion from 'const uint64_t' to 'uint32_t', possible loss of data
C:\Users\ilavr\Desktop\LaSalle Classes\2024-Winter\VGP332\VGP332\DecisionMaking\Raven.h(35,6): error C2039: 'SeekBehavior': is not a member of 'AI'
C:\Users\ilavr\Desktop\LaSalle Classes\2024-Winter\VGP332\VGP332\AI\Inc\DeicisionModule.h(7,11): message : see declaration of 'AI'
C:\Users\ilavr\Desktop\LaSalle Classes\2024-Winter\VGP332\VGP332\DecisionMaking\Raven.h(35,18): error C2143: syntax error: missing ';' before '*'
C:\Users\ilavr\Desktop\LaSalle Classes\2024-Winter\VGP332\VGP332\DecisionMaking\Raven.h(35,18): error C4430: missing type specifier - int assumed. Note: C++ does not support default-int
C:\Users\ilavr\Desktop\LaSalle Classes\2024-Winter\VGP332\VGP332\DecisionMaking\Raven.h(35,43): error C2238: unexpected token(s) preceding ';'
C:\Users\ilavr\Desktop\LaSalle Classes\2024-Winter\VGP332\VGP332\DecisionMaking\Raven.h(36,6): error C2039: 'ArriveBehavior': is not a member of 'AI'
C:\Users\ilavr\Desktop\LaSalle Classes\2024-Winter\VGP332\VGP332\AI\Inc\DeicisionModule.h(7,11): message : see declaration of 'AI'
C:\Users\ilavr\Desktop\LaSalle Classes\2024-Winter\VGP332\VGP332\DecisionMaking\Raven.h(36,20): error C2143: syntax error: missing ';' before '*'
C:\Users\ilavr\Desktop\LaSalle Classes\2024-Winter\VGP332\VGP332\DecisionMaking\Raven.h(36,20): error C4430: missing type specifier - int assumed. Note: C++ does not support default-int
C:\Users\ilavr\Desktop\LaSalle Classes\2024-Winter\VGP332\VGP332\DecisionMaking\Raven.h(36,47): error C2238: unexpected token(s) preceding ';'
C:\Users\ilavr\Desktop\LaSalle Classes\2024-Winter\VGP332\VGP332\DecisionMaking\Raven.h(37,6): error C2039: 'WanderBehavior': is not a member of 'AI'
C:\Users\ilavr\Desktop\LaSalle Classes\2024-Winter\VGP332\VGP332\AI\Inc\DeicisionModule.h(7,11): message : see declaration of 'AI'
C:\Users\ilavr\Desktop\LaSalle Classes\2024-Winter\VGP332\VGP332\DecisionMaking\Raven.h(37,20): error C2143: syntax error: missing ';' before '*'
C:\Users\ilavr\Desktop\LaSalle Classes\2024-Winter\VGP332\VGP332\DecisionMaking\Raven.h(37,20): error C4430: missing type specifier - int assumed. Note: C++ does not support default-int
C:\Users\ilavr\Desktop\LaSalle Classes\2024-Winter\VGP332\VGP332\DecisionMaking\Raven.h(37,47): error C2238: unexpected token(s) preceding ';'
  Mineral.cpp
C:\Users\ilavr\Desktop\LaSalle Classes\2024-Winter\VGP332\VGP332\AI\Inc\Entity.h(23,40): warning C4244: 'return': conversion from 'const uint64_t' to 'uint32_t', possible loss of data
  Raven.cpp
C:\Users\ilavr\Desktop\LaSalle Classes\2024-Winter\VGP332\VGP332\AI\Inc\Entity.h(23,40): warning C4244: 'return': conversion from 'const uint64_t' to 'uint32_t', possible loss of data
C:\Users\ilavr\Desktop\LaSalle Classes\2024-Winter\VGP332\VGP332\DecisionMaking\Raven.h(35,6): error C2039: 'SeekBehavior': is not a member of 'AI'
C:\Users\ilavr\Desktop\LaSalle Classes\2024-Winter\VGP332\VGP332\AI\Inc\DeicisionModule.h(7,11): message : see declaration of 'AI'
C:\Users\ilavr\Desktop\LaSalle Classes\2024-Winter\VGP332\VGP332\DecisionMaking\Raven.h(35,18): error C2143: syntax error: missing ';' before '*'
C:\Users\ilavr\Desktop\LaSalle Classes\2024-Winter\VGP332\VGP332\DecisionMaking\Raven.h(35,18): error C4430: missing type specifier - int assumed. Note: C++ does not support default-int
C:\Users\ilavr\Desktop\LaSalle Classes\2024-Winter\VGP332\VGP332\DecisionMaking\Raven.h(35,43): error C2238: unexpected token(s) preceding ';'
C:\Users\ilavr\Desktop\LaSalle Classes\2024-Winter\VGP332\VGP332\DecisionMaking\Raven.h(36,6): error C2039: 'ArriveBehavior': is not a member of 'AI'
C:\Users\ilavr\Desktop\LaSalle Classes\2024-Winter\VGP332\VGP332\AI\Inc\DeicisionModule.h(7,11): message : see declaration of 'AI'
C:\Users\ilavr\Desktop\LaSalle Classes\2024-Winter\VGP332\VGP332\DecisionMaking\Raven.h(36,20): error C2143: syntax error: missing ';' before '*'
C:\Users\ilavr\Desktop\LaSalle Classes\2024-Winter\VGP332\VGP332\DecisionMaking\Raven.h(36,20): error C4430: missing type specifier - int assumed. Note: C++ does not support default-int
C:\Users\ilavr\Desktop\LaSalle Classes\2024-Winter\VGP332\VGP332\DecisionMaking\Raven.h(36,47): error C2238: unexpected token(s) preceding ';'
C:\Users\ilavr\Desktop\LaSalle Classes\2024-Winter\VGP332\VGP332\DecisionMaking\Raven.h(37,6): error C2039: 'WanderBehavior': is not a member of 'AI'
C:\Users\ilavr\Desktop\LaSalle Classes\2024-Winter\VGP332\VGP332\AI\Inc\DeicisionModule.h(7,11): message : see declaration of 'AI'
C:\Users\ilavr\Desktop\LaSalle Classes\2024-Winter\VGP332\VGP332\DecisionMaking\Raven.h(37,20): error C2143: syntax error: missing ';' before '*'
C:\Users\ilavr\Desktop\LaSalle Classes\2024-Winter\VGP332\VGP332\DecisionMaking\Raven.h(37,20): error C4430: missing type specifier - int assumed. Note: C++ does not support default-int
C:\Users\ilavr\Desktop\LaSalle Classes\2024-Winter\VGP332\VGP332\DecisionMaking\Raven.h(37,47): error C2238: unexpected token(s) preceding ';'
C:\Users\ilavr\Desktop\LaSalle Classes\2024-Winter\VGP332\VGP332\DecisionMaking\Raven.cpp(7,10): fatal  error C1083: Cannot open include file: 'RavenGoToMineralStrategy.h': No such file or directory
  RavenHuntStrategy.cpp
  RavenStrategy.cpp
C:\Users\ilavr\Desktop\LaSalle Classes\2024-Winter\VGP332\VGP332\AI\Inc\Entity.h(23,40): warning C4244: 'return': conversion from 'const uint64_t' to 'uint32_t', possible loss of data
C:\Users\ilavr\Desktop\LaSalle Classes\2024-Winter\VGP332\VGP332\DecisionMaking\Raven.h(35,6): error C2039: 'SeekBehavior': is not a member of 'AI'
C:\Users\ilavr\Desktop\LaSalle Classes\2024-Winter\VGP332\VGP332\AI\Inc\DeicisionModule.h(7,11): message : see declaration of 'AI'
C:\Users\ilavr\Desktop\LaSalle Classes\2024-Winter\VGP332\VGP332\DecisionMaking\Raven.h(35,18): error C2143: syntax error: missing ';' before '*'
C:\Users\ilavr\Desktop\LaSalle Classes\2024-Winter\VGP332\VGP332\DecisionMaking\Raven.h(35,18): error C4430: missing type specifier - int assumed. Note: C++ does not support default-int
C:\Users\ilavr\Desktop\LaSalle Classes\2024-Winter\VGP332\VGP332\DecisionMaking\Raven.h(35,43): error C2238: unexpected token(s) preceding ';'
C:\Users\ilavr\Desktop\LaSalle Classes\2024-Winter\VGP332\VGP332\DecisionMaking\Raven.h(36,6): error C2039: 'ArriveBehavior': is not a member of 'AI'
C:\Users\ilavr\Desktop\LaSalle Classes\2024-Winter\VGP332\VGP332\AI\Inc\DeicisionModule.h(7,11): message : see declaration of 'AI'
C:\Users\ilavr\Desktop\LaSalle Classes\2024-Winter\VGP332\VGP332\DecisionMaking\Raven.h(36,20): error C2143: syntax error: missing ';' before '*'
C:\Users\ilavr\Desktop\LaSalle Classes\2024-Winter\VGP332\VGP332\DecisionMaking\Raven.h(36,20): error C4430: missing type specifier - int assumed. Note: C++ does not support default-int
C:\Users\ilavr\Desktop\LaSalle Classes\2024-Winter\VGP332\VGP332\DecisionMaking\Raven.h(36,47): error C2238: unexpected token(s) preceding ';'
C:\Users\ilavr\Desktop\LaSalle Classes\2024-Winter\VGP332\VGP332\DecisionMaking\Raven.h(37,6): error C2039: 'WanderBehavior': is not a member of 'AI'
C:\Users\ilavr\Desktop\LaSalle Classes\2024-Winter\VGP332\VGP332\AI\Inc\DeicisionModule.h(7,11): message : see declaration of 'AI'
C:\Users\ilavr\Desktop\LaSalle Classes\2024-Winter\VGP332\VGP332\DecisionMaking\Raven.h(37,20): error C2143: syntax error: missing ';' before '*'
C:\Users\ilavr\Desktop\LaSalle Classes\2024-Winter\VGP332\VGP332\DecisionMaking\Raven.h(37,20): error C4430: missing type specifier - int assumed. Note: C++ does not support default-int
C:\Users\ilavr\Desktop\LaSalle Classes\2024-Winter\VGP332\VGP332\DecisionMaking\Raven.h(37,47): error C2238: unexpected token(s) preceding ';'
  SCV.cpp
C:\Users\ilavr\Desktop\LaSalle Classes\2024-Winter\VGP332\VGP332\AI\Inc\Entity.h(23,40): warning C4244: 'return': conversion from 'const uint64_t' to 'uint32_t', possible loss of data
  VisualSensor.cpp
C:\Users\ilavr\Desktop\LaSalle Classes\2024-Winter\VGP332\VGP332\AI\Inc\Entity.h(23,40): warning C4244: 'return': conversion from 'const uint64_t' to 'uint32_t', possible loss of data
  WinMain.cpp
C:\Users\ilavr\Desktop\LaSalle Classes\2024-Winter\VGP332\VGP332\AI\Inc\Entity.h(23,40): warning C4244: 'return': conversion from 'const uint64_t' to 'uint32_t', possible loss of data
C:\Users\ilavr\Desktop\LaSalle Classes\2024-Winter\VGP332\VGP332\DecisionMaking\Raven.h(35,6): error C2039: 'SeekBehavior': is not a member of 'AI'
C:\Users\ilavr\Desktop\LaSalle Classes\2024-Winter\VGP332\VGP332\AI\Inc\DeicisionModule.h(7,11): message : see declaration of 'AI'
C:\Users\ilavr\Desktop\LaSalle Classes\2024-Winter\VGP332\VGP332\DecisionMaking\Raven.h(35,18): error C2143: syntax error: missing ';' before '*'
C:\Users\ilavr\Desktop\LaSalle Classes\2024-Winter\VGP332\VGP332\DecisionMaking\Raven.h(35,18): error C4430: missing type specifier - int assumed. Note: C++ does not support default-int
C:\Users\ilavr\Desktop\LaSalle Classes\2024-Winter\VGP332\VGP332\DecisionMaking\Raven.h(35,43): error C2238: unexpected token(s) preceding ';'
C:\Users\ilavr\Desktop\LaSalle Classes\2024-Winter\VGP332\VGP332\DecisionMaking\Raven.h(36,6): error C2039: 'ArriveBehavior': is not a member of 'AI'
C:\Users\ilavr\Desktop\LaSalle Classes\2024-Winter\VGP332\VGP332\AI\Inc\DeicisionModule.h(7,11): message : see declaration of 'AI'
C:\Users\ilavr\Desktop\LaSalle Classes\2024-Winter\VGP332\VGP332\DecisionMaking\Raven.h(36,20): error C2143: syntax error: missing ';' before '*'
C:\Users\ilavr\Desktop\LaSalle Classes\2024-Winter\VGP332\VGP332\DecisionMaking\Raven.h(36,20): error C4430: missing type specifier - int assumed. Note: C++ does not support default-int
C:\Users\ilavr\Desktop\LaSalle Classes\2024-Winter\VGP332\VGP332\DecisionMaking\Raven.h(36,47): error C2238: unexpected token(s) preceding ';'
C:\Users\ilavr\Desktop\LaSalle Classes\2024-Winter\VGP332\VGP332\DecisionMaking\Raven.h(37,6): error C2039: 'WanderBehavior': is not a member of 'AI'
C:\Users\ilavr\Desktop\LaSalle Classes\2024-Winter\VGP332\VGP332\AI\Inc\DeicisionModule.h(7,11): message : see declaration of 'AI'
C:\Users\ilavr\Desktop\LaSalle Classes\2024-Winter\VGP332\VGP332\DecisionMaking\Raven.h(37,20): error C2143: syntax error: missing ';' before '*'
C:\Users\ilavr\Desktop\LaSalle Classes\2024-Winter\VGP332\VGP332\DecisionMaking\Raven.h(37,20): error C4430: missing type specifier - int assumed. Note: C++ does not support default-int
C:\Users\ilavr\Desktop\LaSalle Classes\2024-Winter\VGP332\VGP332\DecisionMaking\Raven.h(37,47): error C2238: unexpected token(s) preceding ';'
C:\Users\ilavr\Desktop\LaSalle Classes\2024-Winter\VGP332\VGP332\DecisionMaking\WinMain.cpp(49,45): warning C4244: 'initializing': conversion from 'uint32_t' to 'float', possible loss of data
C:\Users\ilavr\Desktop\LaSalle Classes\2024-Winter\VGP332\VGP332\DecisionMaking\WinMain.cpp(49,26): warning C4244: 'initializing': conversion from 'uint32_t' to 'const float', possible loss of data
C:\Users\ilavr\Desktop\LaSalle Classes\2024-Winter\VGP332\VGP332\DecisionMaking\WinMain.cpp(50,47): warning C4244: 'initializing': conversion from 'uint32_t' to 'float', possible loss of data
C:\Users\ilavr\Desktop\LaSalle Classes\2024-Winter\VGP332\VGP332\DecisionMaking\WinMain.cpp(50,27): warning C4244: 'initializing': conversion from 'uint32_t' to 'const float', possible loss of data
C:\Users\ilavr\Desktop\LaSalle Classes\2024-Winter\VGP332\VGP332\DecisionMaking\WinMain.cpp(76,45): warning C4244: 'initializing': conversion from 'uint32_t' to 'float', possible loss of data
C:\Users\ilavr\Desktop\LaSalle Classes\2024-Winter\VGP332\VGP332\DecisionMaking\WinMain.cpp(76,26): warning C4244: 'initializing': conversion from 'uint32_t' to 'const float', possible loss of data
C:\Users\ilavr\Desktop\LaSalle Classes\2024-Winter\VGP332\VGP332\DecisionMaking\WinMain.cpp(77,47): warning C4244: 'initializing': conversion from 'uint32_t' to 'float', possible loss of data
C:\Users\ilavr\Desktop\LaSalle Classes\2024-Winter\VGP332\VGP332\DecisionMaking\WinMain.cpp(77,27): warning C4244: 'initializing': conversion from 'uint32_t' to 'const float', possible loss of data
C:\Users\ilavr\Desktop\LaSalle Classes\2024-Winter\VGP332\VGP332\DecisionMaking\WinMain.cpp(233,12): error C2039: 'SetSeparation': is not a member of 'SCV'
C:\Users\ilavr\Desktop\LaSalle Classes\2024-Winter\VGP332\VGP332\DecisionMaking\SCV.h(6,7): message : see declaration of 'SCV'
C:\Users\ilavr\Desktop\LaSalle Classes\2024-Winter\VGP332\VGP332\DecisionMaking\WinMain.cpp(308,34): error C2039: 'GetEntitiesInRange': is not a member of 'AI::AIWorld'
C:\Users\ilavr\Desktop\LaSalle Classes\2024-Winter\VGP332\VGP332\AI\Inc\AIWorld.h(6,8): message : see declaration of 'AI::AIWorld'
  Generating Code...
