c:\users\lcv2242552\documents\github\vgp332\perception\x64\debug\vc142.pdb
c:\users\lcv2242552\documents\github\vgp332\perception\x64\debug\vc142.idb
c:\users\lcv2242552\documents\github\vgp332\perception\x64\debug\winmain.obj
c:\users\lcv2242552\documents\github\vgp332\perception\x64\debug\scv.obj
c:\users\lcv2242552\documents\github\vgp332\perception\x64\debug\mineral.obj
c:\users\lcv2242552\documents\github\vgp332\perception\x64\debug\visualsensor.obj
c:\users\ilavr\desktop\lasalle classes\2024-winter\vgp332\vgp332\x64\debug\perception.lib
c:\users\ilavr\desktop\lasalle classes\2024-winter\vgp332\vgp332\x64\debug\perception.exp
c:\users\lcv2242552\documents\github\vgp332\x64\debug\perception.exe
c:\users\lcv2242552\documents\github\vgp332\perception\x64\debug\perception.ilk
c:\users\lcv2242552\documents\github\vgp332\x64\debug\perception.pdb
c:\users\lcv2242552\documents\github\vgp332\x64\debug\perception.lib
c:\users\lcv2242552\documents\github\vgp332\x64\debug\perception.exp
c:\users\ilavr\desktop\lasalle classes\2024-winter\vgp332\vgp332\perception\x64\debug\mineral.obj
c:\users\ilavr\desktop\lasalle classes\2024-winter\vgp332\vgp332\perception\x64\debug\scv.obj
c:\users\ilavr\desktop\lasalle classes\2024-winter\vgp332\vgp332\perception\x64\debug\winmain.obj
c:\users\ilavr\desktop\lasalle classes\2024-winter\vgp332\vgp332\perception\x64\debug\perception.ilk
c:\users\ilavr\desktop\lasalle classes\2024-winter\vgp332\vgp332\perception\x64\debug\vc142.idb
c:\users\ilavr\desktop\lasalle classes\2024-winter\vgp332\vgp332\perception\x64\debug\vc143.idb
c:\users\ilavr\desktop\lasalle classes\2024-winter\vgp332\vgp332\perception\x64\debug\vc142.pdb
c:\users\ilavr\desktop\lasalle classes\2024-winter\vgp332\vgp332\perception\x64\debug\vc143.pdb
c:\users\ilavr\desktop\lasalle classes\2024-winter\vgp332\vgp332\x64\debug\perception.pdb
c:\users\ilavr\desktop\lasalle classes\2024-winter\vgp332\vgp332\x64\debug\perception.exe
c:\users\ilavr\desktop\lasalle classes\2024-winter\vgp332\vgp332\perception\x64\debug\perception.tlog\cl.command.1.tlog
c:\users\ilavr\desktop\lasalle classes\2024-winter\vgp332\vgp332\perception\x64\debug\perception.tlog\cl.items.tlog
c:\users\ilavr\desktop\lasalle classes\2024-winter\vgp332\vgp332\perception\x64\debug\perception.tlog\cl.read.1.tlog
c:\users\ilavr\desktop\lasalle classes\2024-winter\vgp332\vgp332\perception\x64\debug\perception.tlog\cl.write.1.tlog
c:\users\ilavr\desktop\lasalle classes\2024-winter\vgp332\vgp332\perception\x64\debug\perception.tlog\link.command.1.tlog
c:\users\ilavr\desktop\lasalle classes\2024-winter\vgp332\vgp332\perception\x64\debug\perception.tlog\link.read.1.tlog
c:\users\ilavr\desktop\lasalle classes\2024-winter\vgp332\vgp332\perception\x64\debug\perception.tlog\link.write.1.tlog
c:\users\ilavr\desktop\lasalle classes\2024-winter\vgp332\vgp332\perception\x64\debug\perception.tlog\perception.write.1u.tlog
