c:\users\ilavr\onedrive\desktop\la salle college classes year 2 hopeless but not lost\vgp332\steering\x64\debug\vc143.pdb
c:\users\ilavr\onedrive\desktop\la salle college classes year 2 hopeless but not lost\vgp332\steering\x64\debug\vc143.idb
c:\users\ilavr\onedrive\desktop\la salle college classes year 2 hopeless but not lost\vgp332\steering\x64\debug\winmain.obj
c:\users\ilavr\onedrive\desktop\la salle college classes year 2 hopeless but not lost\vgp332\steering\x64\debug\scv.obj
c:\users\lcv2242552\documents\github\vgp332\steering\x64\debug\vc142.pdb
c:\users\lcv2242552\documents\github\vgp332\steering\x64\debug\vc142.idb
c:\users\lcv2242552\documents\github\vgp332\steering\x64\debug\winmain.obj
c:\users\lcv2242552\documents\github\vgp332\steering\x64\debug\scv.obj
c:\users\lcv2242552\documents\github\vgp332\x64\debug\steering.lib
c:\users\lcv2242552\documents\github\vgp332\x64\debug\steering.exp
c:\users\ilavr\onedrive\desktop\la salle college classes year 2 hopeless but not lost\vgp332\x64\debug\steering.lib
c:\users\ilavr\onedrive\desktop\la salle college classes year 2 hopeless but not lost\vgp332\x64\debug\steering.exp
c:\users\ilavr\onedrive\desktop\la salle college classes year 2 hopeless but not lost\vgp332\x64\debug\steering.exe
c:\users\ilavr\onedrive\desktop\la salle college classes year 2 hopeless but not lost\vgp332\steering\x64\debug\steering.ilk
c:\users\ilavr\onedrive\desktop\la salle college classes year 2 hopeless but not lost\vgp332\x64\debug\steering.pdb
c:\users\lcv2242552\documents\github\vgp332\steering\x64\debug\steering.ilk
c:\users\lcv2242552\documents\github\vgp332\x64\debug\steering.exe
c:\users\lcv2242552\documents\github\vgp332\x64\debug\steering.pdb
c:\users\ilavr\desktop\lasalle classes\2024-winter\vgp332\vgp332\steering\x64\debug\steering.ilk
c:\users\ilavr\desktop\lasalle classes\2024-winter\vgp332\vgp332\steering\x64\debug\vc142.idb
c:\users\ilavr\desktop\lasalle classes\2024-winter\vgp332\vgp332\steering\x64\debug\vc143.idb
c:\users\ilavr\desktop\lasalle classes\2024-winter\vgp332\vgp332\steering\x64\debug\vc142.pdb
c:\users\ilavr\desktop\lasalle classes\2024-winter\vgp332\vgp332\steering\x64\debug\vc143.pdb
c:\users\ilavr\desktop\lasalle classes\2024-winter\vgp332\vgp332\x64\debug\steering.pdb
c:\users\ilavr\desktop\lasalle classes\2024-winter\vgp332\vgp332\steering\x64\debug\steering.tlog\cl.command.1.tlog
c:\users\ilavr\desktop\lasalle classes\2024-winter\vgp332\vgp332\steering\x64\debug\steering.tlog\cl.items.tlog
c:\users\ilavr\desktop\lasalle classes\2024-winter\vgp332\vgp332\steering\x64\debug\steering.tlog\cl.read.1.tlog
c:\users\ilavr\desktop\lasalle classes\2024-winter\vgp332\vgp332\steering\x64\debug\steering.tlog\cl.write.1.tlog
c:\users\ilavr\desktop\lasalle classes\2024-winter\vgp332\vgp332\steering\x64\debug\steering.tlog\link.command.1.tlog
c:\users\ilavr\desktop\lasalle classes\2024-winter\vgp332\vgp332\steering\x64\debug\steering.tlog\link.read.1.tlog
c:\users\ilavr\desktop\lasalle classes\2024-winter\vgp332\vgp332\steering\x64\debug\steering.tlog\link.write.1.tlog
c:\users\ilavr\desktop\lasalle classes\2024-winter\vgp332\vgp332\steering\x64\debug\steering.tlog\steering.write.1u.tlog
