c:\users\ilavr\desktop\lasalle classes\2024-winter\vgp332\x64\debug\ai.pdb
c:\users\ilavr\desktop\lasalle classes\2024-winter\vgp332\x64\debug\ai.idb
c:\users\lcv2242552\documents\github\vgp332\ai\x64\debug\ai.pch
c:\users\lcv2242552\documents\github\vgp332\x64\debug\ai.pdb
c:\users\lcv2242552\documents\github\vgp332\x64\debug\ai.idb
c:\users\lcv2242552\documents\github\vgp332\ai\x64\debug\precompiled.obj
c:\users\lcv2242552\documents\github\vgp332\ai\x64\debug\wanderbehaviour.obj
c:\users\lcv2242552\documents\github\vgp332\ai\x64\debug\steeringmodule.obj
c:\users\lcv2242552\documents\github\vgp332\ai\x64\debug\seekbehaviour.obj
c:\users\lcv2242552\documents\github\vgp332\ai\x64\debug\pursuitbehaviour.obj
c:\users\lcv2242552\documents\github\vgp332\ai\x64\debug\perceptionmodule.obj
c:\users\lcv2242552\documents\github\vgp332\ai\x64\debug\groupbehaviour.obj
c:\users\lcv2242552\documents\github\vgp332\ai\x64\debug\gridbasedgraph.obj
c:\users\lcv2242552\documents\github\vgp332\ai\x64\debug\entity.obj
c:\users\lcv2242552\documents\github\vgp332\ai\x64\debug\dijkstra.obj
c:\users\lcv2242552\documents\github\vgp332\ai\x64\debug\dfs.obj
c:\users\lcv2242552\documents\github\vgp332\ai\x64\debug\bfs.obj
c:\users\lcv2242552\documents\github\vgp332\ai\x64\debug\astar.obj
c:\users\lcv2242552\documents\github\vgp332\ai\x64\debug\aiworld.obj
c:\users\lcv2242552\documents\github\vgp332\x64\debug\ai.lib
c:\users\ilavr\desktop\lasalle classes\2024-winter\vgp332\vgp332\ai\x64\debug\aiworld.obj
c:\users\ilavr\desktop\lasalle classes\2024-winter\vgp332\vgp332\ai\x64\debug\astar.obj
c:\users\ilavr\desktop\lasalle classes\2024-winter\vgp332\vgp332\ai\x64\debug\bfs.obj
c:\users\ilavr\desktop\lasalle classes\2024-winter\vgp332\vgp332\ai\x64\debug\dfs.obj
c:\users\ilavr\desktop\lasalle classes\2024-winter\vgp332\vgp332\ai\x64\debug\dijkstra.obj
c:\users\ilavr\desktop\lasalle classes\2024-winter\vgp332\vgp332\ai\x64\debug\entity.obj
c:\users\ilavr\desktop\lasalle classes\2024-winter\vgp332\vgp332\ai\x64\debug\gridbasedgraph.obj
c:\users\ilavr\desktop\lasalle classes\2024-winter\vgp332\vgp332\ai\x64\debug\groupbehaviour.obj
c:\users\ilavr\desktop\lasalle classes\2024-winter\vgp332\vgp332\ai\x64\debug\perceptionmodule.obj
c:\users\ilavr\desktop\lasalle classes\2024-winter\vgp332\vgp332\ai\x64\debug\precompiled.obj
c:\users\ilavr\desktop\lasalle classes\2024-winter\vgp332\vgp332\ai\x64\debug\pursuitbehaviour.obj
c:\users\ilavr\desktop\lasalle classes\2024-winter\vgp332\vgp332\ai\x64\debug\seekbehaviour.obj
c:\users\ilavr\desktop\lasalle classes\2024-winter\vgp332\vgp332\ai\x64\debug\steeringmodule.obj
c:\users\ilavr\desktop\lasalle classes\2024-winter\vgp332\vgp332\ai\x64\debug\wanderbehaviour.obj
c:\users\ilavr\desktop\lasalle classes\2024-winter\vgp332\vgp332\ai\x64\debug\ai.pch
c:\users\ilavr\desktop\lasalle classes\2024-winter\vgp332\vgp332\x64\debug\ai.pdb
c:\users\ilavr\desktop\lasalle classes\2024-winter\vgp332\vgp332\x64\debug\ai.lib
c:\users\ilavr\desktop\lasalle classes\2024-winter\vgp332\vgp332\ai\x64\debug\ai.tlog\cl.command.1.tlog
c:\users\ilavr\desktop\lasalle classes\2024-winter\vgp332\vgp332\ai\x64\debug\ai.tlog\cl.items.tlog
c:\users\ilavr\desktop\lasalle classes\2024-winter\vgp332\vgp332\ai\x64\debug\ai.tlog\cl.read.1.tlog
c:\users\ilavr\desktop\lasalle classes\2024-winter\vgp332\vgp332\ai\x64\debug\ai.tlog\cl.write.1.tlog
c:\users\ilavr\desktop\lasalle classes\2024-winter\vgp332\vgp332\ai\x64\debug\ai.tlog\lib-link.read.1.tlog
c:\users\ilavr\desktop\lasalle classes\2024-winter\vgp332\vgp332\ai\x64\debug\ai.tlog\lib-link.write.1.tlog
c:\users\ilavr\desktop\lasalle classes\2024-winter\vgp332\vgp332\ai\x64\debug\ai.tlog\lib.command.1.tlog
