  Precompiled.cpp
  AIWorld.cpp
C:\Users\ilavr\OneDrive\Desktop\La Salle College Classes Year 2 Hopeless but not Lost\VGP332\AI\Inc\Entity.h(23,40): warning C4244: 'return': conversion from 'const uint64_t' to 'uint32_t', possible loss of data
  AStar.cpp
  BFS.cpp
  DFS.cpp
  Dijkstra.cpp
  Entity.cpp
C:\Users\ilavr\OneDrive\Desktop\La Salle College Classes Year 2 Hopeless but not Lost\VGP332\AI\Inc\Entity.h(23,40): warning C4244: 'return': conversion from 'const uint64_t' to 'uint32_t', possible loss of data
C:\Users\ilavr\OneDrive\Desktop\La Salle College Classes Year 2 Hopeless but not Lost\VGP332\AI\Src\Entity.cpp(4,10): warning C4067: unexpected tokens following preprocessor directive - expected a newline
  GridBasedGraph.cpp
  GroupBehaviour.cpp
C:\Users\ilavr\OneDrive\Desktop\La Salle College Classes Year 2 Hopeless but not Lost\VGP332\AI\Inc\Entity.h(23,40): warning C4244: 'return': conversion from 'const uint64_t' to 'uint32_t', possible loss of data
  PerceptionModule.cpp
  PursuitBehaviour.cpp
C:\Users\ilavr\OneDrive\Desktop\La Salle College Classes Year 2 Hopeless but not Lost\VGP332\AI\Inc\Entity.h(23,40): warning C4244: 'return': conversion from 'const uint64_t' to 'uint32_t', possible loss of data
  SeekBehaviour.cpp
C:\Users\ilavr\OneDrive\Desktop\La Salle College Classes Year 2 Hopeless but not Lost\VGP332\AI\Inc\Entity.h(23,40): warning C4244: 'return': conversion from 'const uint64_t' to 'uint32_t', possible loss of data
  SteeringModule.cpp
  WanderBehaviour.cpp
C:\Users\ilavr\OneDrive\Desktop\La Salle College Classes Year 2 Hopeless but not Lost\VGP332\AI\Inc\Entity.h(23,40): warning C4244: 'return': conversion from 'const uint64_t' to 'uint32_t', possible loss of data
  Generating Code...
  AI.vcxproj -> C:\Users\ilavr\OneDrive\Desktop\La Salle College Classes Year 2 Hopeless but not Lost\VGP332\x64\Debug\AI.lib
