c:\users\ilavr\onedrive\desktop\la salle college classes year 2 hopeless but not lost\vgp332\fsm\x64\debug\vc143.pdb
c:\users\ilavr\onedrive\desktop\la salle college classes year 2 hopeless but not lost\vgp332\fsm\x64\debug\vc143.idb
c:\users\ilavr\onedrive\desktop\la salle college classes year 2 hopeless but not lost\vgp332\fsm\x64\debug\winmain.obj
c:\users\ilavr\onedrive\desktop\la salle college classes year 2 hopeless but not lost\vgp332\fsm\x64\debug\guitarstates.obj
c:\users\ilavr\onedrive\desktop\la salle college classes year 2 hopeless but not lost\vgp332\fsm\x64\debug\guitar.obj
c:\users\lcv2242552\documents\github\vgp332\fsm\x64\debug\vc142.pdb
c:\users\lcv2242552\documents\github\vgp332\fsm\x64\debug\vc142.idb
c:\users\lcv2242552\documents\github\vgp332\fsm\x64\debug\winmain.obj
c:\users\lcv2242552\documents\github\vgp332\fsm\x64\debug\guitarstates.obj
c:\users\lcv2242552\documents\github\vgp332\fsm\x64\debug\guitar.obj
c:\users\lcv2242552\documents\github\vgp332\x64\debug\fsm.lib
c:\users\lcv2242552\documents\github\vgp332\x64\debug\fsm.exp
c:\users\ilavr\onedrive\desktop\la salle college classes year 2 hopeless but not lost\vgp332\x64\debug\fsm.lib
c:\users\ilavr\onedrive\desktop\la salle college classes year 2 hopeless but not lost\vgp332\x64\debug\fsm.exp
c:\users\ilavr\onedrive\desktop\la salle college classes year 2 hopeless but not lost\vgp332\x64\debug\fsm.exe
c:\users\ilavr\onedrive\desktop\la salle college classes year 2 hopeless but not lost\vgp332\fsm\x64\debug\fsm.ilk
c:\users\ilavr\onedrive\desktop\la salle college classes year 2 hopeless but not lost\vgp332\x64\debug\fsm.pdb
c:\users\lcv2242552\documents\github\vgp332\fsm\x64\debug\fsm.ilk
c:\users\lcv2242552\documents\github\vgp332\x64\debug\fsm.exe
c:\users\lcv2242552\documents\github\vgp332\x64\debug\fsm.pdb
c:\users\ilavr\desktop\lasalle classes\2024-winter\vgp332\vgp332\fsm\x64\debug\fsm.ilk
c:\users\ilavr\desktop\lasalle classes\2024-winter\vgp332\vgp332\fsm\x64\debug\vc142.idb
c:\users\ilavr\desktop\lasalle classes\2024-winter\vgp332\vgp332\fsm\x64\debug\vc143.idb
c:\users\ilavr\desktop\lasalle classes\2024-winter\vgp332\vgp332\fsm\x64\debug\vc142.pdb
c:\users\ilavr\desktop\lasalle classes\2024-winter\vgp332\vgp332\fsm\x64\debug\vc143.pdb
c:\users\ilavr\desktop\lasalle classes\2024-winter\vgp332\vgp332\x64\debug\fsm.pdb
c:\users\ilavr\desktop\lasalle classes\2024-winter\vgp332\vgp332\fsm\x64\debug\fsm.tlog\cl.command.1.tlog
c:\users\ilavr\desktop\lasalle classes\2024-winter\vgp332\vgp332\fsm\x64\debug\fsm.tlog\cl.items.tlog
c:\users\ilavr\desktop\lasalle classes\2024-winter\vgp332\vgp332\fsm\x64\debug\fsm.tlog\cl.read.1.tlog
c:\users\ilavr\desktop\lasalle classes\2024-winter\vgp332\vgp332\fsm\x64\debug\fsm.tlog\cl.write.1.tlog
c:\users\ilavr\desktop\lasalle classes\2024-winter\vgp332\vgp332\fsm\x64\debug\fsm.tlog\fsm.write.1u.tlog
c:\users\ilavr\desktop\lasalle classes\2024-winter\vgp332\vgp332\fsm\x64\debug\fsm.tlog\link.command.1.tlog
c:\users\ilavr\desktop\lasalle classes\2024-winter\vgp332\vgp332\fsm\x64\debug\fsm.tlog\link.read.1.tlog
c:\users\ilavr\desktop\lasalle classes\2024-winter\vgp332\vgp332\fsm\x64\debug\fsm.tlog\link.write.1.tlog
